# JRE version: Java(TM) SE Runtime Environment (8.0_101-b13) (build 1.8.0_101-b13)
# Java VM: Java HotSpot(TM) 64-Bit Server VM (25.101-b13 mixed mode windows-amd64 compressed oops)
Heap:
 PSYoungGen      total 72704K, used 17786K [0x00000000d6f80000, 0x00000000dc500000, 0x0000000100000000)
  eden space 61952K, 19% used [0x00000000d6f80000,0x00000000d7b009b8,0x00000000dac00000)
  from space 10752K, 55% used [0x00000000dba80000,0x00000000dc05e050,0x00000000dc500000)
  to   space 12800K, 0% used [0x00000000dac00000,0x00000000dac00000,0x00000000db880000)
 ParOldGen       total 62464K, used 24871K [0x0000000084e00000, 0x0000000088b00000, 0x00000000d6f80000)
  object space 62464K, 39% used [0x0000000084e00000,0x0000000086649d90,0x0000000088b00000)
 Metaspace       used 30623K, capacity 31382K, committed 31744K, reserved 1077248K
  class space    used 3497K, capacity 3763K, committed 3840K, reserved 1048576K
GC Heap History (10 events):
Event: 12.222 GC heap before
{Heap before GC invocations=7 (full 1):
 PSYoungGen      total 38400K, used 7335K [0x00000000d6f80000, 0x00000000d9e80000, 0x0000000100000000)
  eden space 30720K, 0% used [0x00000000d6f80000,0x00000000d6f80000,0x00000000d8d80000)
  from space 7680K, 95% used [0x00000000d9700000,0x00000000d9e29e28,0x00000000d9e80000)
  to   space 8704K, 0% used [0x00000000d8d80000,0x00000000d8d80000,0x00000000d9600000)
 ParOldGen       total 84992K, used 9694K [0x0000000084e00000, 0x000000008a100000, 0x00000000d6f80000)
  object space 84992K, 11% used [0x0000000084e00000,0x00000000857779d8,0x000000008a100000)
 Metaspace       used 20777K, capacity 21186K, committed 21296K, reserved 1069056K
  class space    used 2516K, capacity 2679K, committed 2688K, reserved 1048576K
Event: 12.315 GC heap after
Heap after GC invocations=7 (full 1):
 PSYoungGen      total 38400K, used 0K [0x00000000d6f80000, 0x00000000d9e80000, 0x0000000100000000)
  eden space 30720K, 0% used [0x00000000d6f80000,0x00000000d6f80000,0x00000000d8d80000)
  from space 7680K, 0% used [0x00000000d9700000,0x00000000d9700000,0x00000000d9e80000)
  to   space 8704K, 0% used [0x00000000d8d80000,0x00000000d8d80000,0x00000000d9600000)
 ParOldGen       total 62464K, used 11340K [0x0000000084e00000, 0x0000000088b00000, 0x00000000d6f80000)
  object space 62464K, 18% used [0x0000000084e00000,0x00000000859133b8,0x0000000088b00000)
 Metaspace       used 20777K, capacity 21186K, committed 21296K, reserved 1069056K
  class space    used 2516K, capacity 2679K, committed 2688K, reserved 1048576K
}
Event: 14.008 GC heap before
{Heap before GC invocations=8 (full 1):
 PSYoungGen      total 38400K, used 30720K [0x00000000d6f80000, 0x00000000d9e80000, 0x0000000100000000)
  eden space 30720K, 100% used [0x00000000d6f80000,0x00000000d8d80000,0x00000000d8d80000)
  from space 7680K, 0% used [0x00000000d9700000,0x00000000d9700000,0x00000000d9e80000)
  to   space 8704K, 0% used [0x00000000d8d80000,0x00000000d8d80000,0x00000000d9600000)
 ParOldGen       total 62464K, used 11340K [0x0000000084e00000, 0x0000000088b00000, 0x00000000d6f80000)
  object space 62464K, 18% used [0x0000000084e00000,0x00000000859133b8,0x0000000088b00000)
 Metaspace       used 21977K, capacity 22402K, committed 22704K, reserved 1069056K
  class space    used 2604K, capacity 2743K, committed 2816K, reserved 1048576K
Event: 14.027 GC heap after
Heap after GC invocations=8 (full 1):
 PSYoungGen      total 39424K, used 8629K [0x00000000d6f80000, 0x00000000db000000, 0x0000000100000000)
  eden space 30720K, 0% used [0x00000000d6f80000,0x00000000d6f80000,0x00000000d8d80000)
  from space 8704K, 99% used [0x00000000d8d80000,0x00000000d95ed710,0x00000000d9600000)
  to   space 9216K, 0% used [0x00000000da700000,0x00000000da700000,0x00000000db000000)
 ParOldGen       total 62464K, used 11604K [0x0000000084e00000, 0x0000000088b00000, 0x00000000d6f80000)
  object space 62464K, 18% used [0x0000000084e00000,0x00000000859553c8,0x0000000088b00000)
 Metaspace       used 21977K, capacity 22402K, committed 22704K, reserved 1069056K
  class space    used 2604K, capacity 2743K, committed 2816K, reserved 1048576K
}
Event: 15.981 GC heap before
{Heap before GC invocations=9 (full 1):
 PSYoungGen      total 39424K, used 39349K [0x00000000d6f80000, 0x00000000db000000, 0x0000000100000000)
  eden space 30720K, 100% used [0x00000000d6f80000,0x00000000d8d80000,0x00000000d8d80000)
  from space 8704K, 99% used [0x00000000d8d80000,0x00000000d95ed710,0x00000000d9600000)
  to   space 9216K, 0% used [0x00000000da700000,0x00000000da700000,0x00000000db000000)
 ParOldGen       total 62464K, used 11604K [0x0000000084e00000, 0x0000000088b00000, 0x00000000d6f80000)
  object space 62464K, 18% used [0x0000000084e00000,0x00000000859553c8,0x0000000088b00000)
 Metaspace       used 22850K, capacity 23330K, committed 23552K, reserved 1071104K
  class space    used 2639K, capacity 2775K, committed 2816K, reserved 1048576K
Event: 16.024 GC heap after
Heap after GC invocations=9 (full 1):
 PSYoungGen      total 55808K, used 9196K [0x00000000d6f80000, 0x00000000db400000, 0x0000000100000000)
  eden space 46592K, 0% used [0x00000000d6f80000,0x00000000d6f80000,0x00000000d9d00000)
  from space 9216K, 99% used [0x00000000da700000,0x00000000daffb0a0,0x00000000db000000)
  to   space 10240K, 0% used [0x00000000d9d00000,0x00000000d9d00000,0x00000000da700000)
 ParOldGen       total 62464K, used 12319K [0x0000000084e00000, 0x0000000088b00000, 0x00000000d6f80000)
  object space 62464K, 19% used [0x0000000084e00000,0x0000000085a07c60,0x0000000088b00000)
 Metaspace       used 22850K, capacity 23330K, committed 23552K, reserved 1071104K
  class space    used 2639K, capacity 2775K, committed 2816K, reserved 1048576K
}
Event: 19.605 GC heap before
{Heap before GC invocations=10 (full 1):
 PSYoungGen      total 55808K, used 55788K [0x00000000d6f80000, 0x00000000db400000, 0x0000000100000000)
  eden space 46592K, 100% used [0x00000000d6f80000,0x00000000d9d00000,0x00000000d9d00000)
  from space 9216K, 99% used [0x00000000da700000,0x00000000daffb0a0,0x00000000db000000)
  to   space 10240K, 0% used [0x00000000d9d00000,0x00000000d9d00000,0x00000000da700000)
 ParOldGen       total 62464K, used 12319K [0x0000000084e00000, 0x0000000088b00000, 0x00000000d6f80000)
  object space 62464K, 19% used [0x0000000084e00000,0x0000000085a07c60,0x0000000088b00000)
 Metaspace       used 27574K, capacity 28226K, committed 28416K, reserved 1075200K
  class space    used 3222K, capacity 3489K, committed 3584K, reserved 1048576K
Event: 19.641 GC heap after
Heap after GC invocations=10 (full 1):
 PSYoungGen      total 56832K, used 10230K [0x00000000d6f80000, 0x00000000dc700000, 0x0000000100000000)
  eden space 46592K, 0% used [0x00000000d6f80000,0x00000000d6f80000,0x00000000d9d00000)
  from space 10240K, 99% used [0x00000000d9d00000,0x00000000da6fdab8,0x00000000da700000)
  to   space 12800K, 0% used [0x00000000dba80000,0x00000000dba80000,0x00000000dc700000)
 ParOldGen       total 62464K, used 16689K [0x0000000084e00000, 0x0000000088b00000, 0x00000000d6f80000)
  object space 62464K, 26% used [0x0000000084e00000,0x0000000085e4c7d8,0x0000000088b00000)
 Metaspace       used 27574K, capacity 28226K, committed 28416K, reserved 1075200K
  class space    used 3222K, capacity 3489K, committed 3584K, reserved 1048576K
}
Event: 60.828 GC heap before
{Heap before GC invocations=11 (full 1):
 PSYoungGen      total 56832K, used 56813K [0x00000000d6f80000, 0x00000000dc700000, 0x0000000100000000)
  eden space 46592K, 99% used [0x00000000d6f80000,0x00000000d9cfdce8,0x00000000d9d00000)
  from space 10240K, 99% used [0x00000000d9d00000,0x00000000da6fdab8,0x00000000da700000)
  to   space 12800K, 0% used [0x00000000dba80000,0x00000000dba80000,0x00000000dc700000)
 ParOldGen       total 62464K, used 16689K [0x0000000084e00000, 0x0000000088b00000, 0x00000000d6f80000)
  object space 62464K, 26% used [0x0000000084e00000,0x0000000085e4c7d8,0x0000000088b00000)
 Metaspace       used 30420K, capacity 31070K, committed 31488K, reserved 1077248K
  class space    used 3483K, capacity 3723K, committed 3840K, reserved 1048576K
Event: 60.860 GC heap after
Heap after GC invocations=11 (full 1):
 PSYoungGen      total 72704K, used 6008K [0x00000000d6f80000, 0x00000000dc500000, 0x0000000100000000)
  eden space 61952K, 0% used [0x00000000d6f80000,0x00000000d6f80000,0x00000000dac00000)
  from space 10752K, 55% used [0x00000000dba80000,0x00000000dc05e050,0x00000000dc500000)
  to   space 12800K, 0% used [0x00000000dac00000,0x00000000dac00000,0x00000000db880000)
 ParOldGen       total 62464K, used 24871K [0x0000000084e00000, 0x0000000088b00000, 0x00000000d6f80000)
  object space 62464K, 39% used [0x0000000084e00000,0x0000000086649d90,0x0000000088b00000)
 Metaspace       used 30420K, capacity 31070K, committed 31488K, reserved 1077248K
  class space    used 3483K, capacity 3723K, committed 3840K, reserved 1048576K
}

